<?xml version="1.0" encoding="UTF-8"?>
<!-- Generated by org.testng.reporters.JUnitReportReporter -->
<testsuite hostname="DESKTOP-37D2O36" failures="0" tests="1" name="JenkinsDemoTest.JenkinsDemoTest" time="17.088" errors="0" timestamp="2025-05-09T10:59:12 IST" skipped="0">
  <testcase classname="JenkinsDemoTest.JenkinsDemoTest" name="login" time="17.088"/>
</testsuite> <!-- JenkinsDemoTest.JenkinsDemoTest -->
